<?xml version="1.0" encoding="UTF-8"?>
<!-- Generated by org.testng.reporters.JUnitXMLReporter -->
<testsuite ignored="0" hostname="com11" failures="0" tests="7" name="Default test" time="92.197" errors="0" timestamp="2024-05-31T14:57:43 IST">
  <testcase classname="testng.NewTest14" name="Tc_0011" time="3.835"/>
  <testcase classname="testng.NewTest14" name="Tc_0012" time="3.809"/>
  <testcase classname="testng.NewTest14" name="Tc_0013" time="6.549"/>
  <testcase classname="testng.NewTest14" name="Tc_0014" time="4.268"/>
  <testcase classname="testng.NewTest14" name="Tc_0015" time="8.206"/>
  <testcase classname="testng.NewTest14" name="Tc_0016" time="4.749"/>
  <testcase classname="testng.NewTest14" name="Tc_0017" time="6.06"/>
</testsuite> <!-- Default test -->
