<?xml version="1.0" encoding="UTF-8"?>
<testng-results ignored="0" total="7" passed="7" failed="0" skipped="0">
  <reporter-output>
  </reporter-output>
  <suite started-at="2024-05-31T14:56:11 IST" name="Default suite" finished-at="2024-05-31T14:57:43 IST" duration-ms="92197">
    <groups>
    </groups>
    <test started-at="2024-05-31T14:56:11 IST" name="Default test" finished-at="2024-05-31T14:57:43 IST" duration-ms="92197">
      <class name="testng.NewTest14">
        <test-method is-config="true" signature="beforeMethod()[pri:0, instance:testng.NewTest14@61322f9d]" started-at="2024-05-31T14:56:11 IST" name="beforeMethod" finished-at="2024-05-31T14:56:18 IST" duration-ms="7462" status="PASS">
          <reporter-output>
          </reporter-output>
        </test-method> <!-- beforeMethod -->
        <test-method signature="Tc_0011()[pri:0, instance:testng.NewTest14@61322f9d]" started-at="2024-05-31T14:56:18 IST" name="Tc_0011" finished-at="2024-05-31T14:56:22 IST" duration-ms="3835" status="PASS">
          <reporter-output>
          </reporter-output>
        </test-method> <!-- Tc_0011 -->
        <test-method is-config="true" signature="afterMethod()[pri:0, instance:testng.NewTest14@61322f9d]" started-at="2024-05-31T14:56:22 IST" name="afterMethod" finished-at="2024-05-31T14:56:22 IST" duration-ms="1" status="PASS">
          <reporter-output>
          </reporter-output>
        </test-method> <!-- afterMethod -->
        <test-method is-config="true" signature="beforeMethod()[pri:0, instance:testng.NewTest14@61322f9d]" started-at="2024-05-31T14:56:22 IST" name="beforeMethod" finished-at="2024-05-31T14:56:29 IST" duration-ms="7451" status="PASS">
          <reporter-output>
          </reporter-output>
        </test-method> <!-- beforeMethod -->
        <test-method signature="Tc_0012()[pri:0, instance:testng.NewTest14@61322f9d]" started-at="2024-05-31T14:56:29 IST" name="Tc_0012" finished-at="2024-05-31T14:56:33 IST" duration-ms="3809" status="PASS">
          <reporter-output>
          </reporter-output>
        </test-method> <!-- Tc_0012 -->
        <test-method is-config="true" signature="afterMethod()[pri:0, instance:testng.NewTest14@61322f9d]" started-at="2024-05-31T14:56:33 IST" name="afterMethod" finished-at="2024-05-31T14:56:33 IST" duration-ms="0" status="PASS">
          <reporter-output>
          </reporter-output>
        </test-method> <!-- afterMethod -->
        <test-method is-config="true" signature="beforeMethod()[pri:0, instance:testng.NewTest14@61322f9d]" started-at="2024-05-31T14:56:33 IST" name="beforeMethod" finished-at="2024-05-31T14:56:40 IST" duration-ms="6631" status="PASS">
          <reporter-output>
          </reporter-output>
        </test-method> <!-- beforeMethod -->
        <test-method signature="Tc_0013()[pri:0, instance:testng.NewTest14@61322f9d]" started-at="2024-05-31T14:56:40 IST" name="Tc_0013" finished-at="2024-05-31T14:56:46 IST" duration-ms="6549" status="PASS">
          <reporter-output>
          </reporter-output>
        </test-method> <!-- Tc_0013 -->
        <test-method is-config="true" signature="afterMethod()[pri:0, instance:testng.NewTest14@61322f9d]" started-at="2024-05-31T14:56:46 IST" name="afterMethod" finished-at="2024-05-31T14:56:46 IST" duration-ms="0" status="PASS">
          <reporter-output>
          </reporter-output>
        </test-method> <!-- afterMethod -->
        <test-method is-config="true" signature="beforeMethod()[pri:0, instance:testng.NewTest14@61322f9d]" started-at="2024-05-31T14:56:46 IST" name="beforeMethod" finished-at="2024-05-31T14:56:52 IST" duration-ms="5810" status="PASS">
          <reporter-output>
          </reporter-output>
        </test-method> <!-- beforeMethod -->
        <test-method signature="Tc_0014()[pri:0, instance:testng.NewTest14@61322f9d]" started-at="2024-05-31T14:56:52 IST" name="Tc_0014" finished-at="2024-05-31T14:56:57 IST" duration-ms="4268" status="PASS">
          <reporter-output>
          </reporter-output>
        </test-method> <!-- Tc_0014 -->
        <test-method is-config="true" signature="afterMethod()[pri:0, instance:testng.NewTest14@61322f9d]" started-at="2024-05-31T14:56:57 IST" name="afterMethod" finished-at="2024-05-31T14:56:57 IST" duration-ms="0" status="PASS">
          <reporter-output>
          </reporter-output>
        </test-method> <!-- afterMethod -->
        <test-method is-config="true" signature="beforeMethod()[pri:0, instance:testng.NewTest14@61322f9d]" started-at="2024-05-31T14:56:57 IST" name="beforeMethod" finished-at="2024-05-31T14:57:08 IST" duration-ms="11751" status="PASS">
          <reporter-output>
          </reporter-output>
        </test-method> <!-- beforeMethod -->
        <test-method signature="Tc_0015()[pri:0, instance:testng.NewTest14@61322f9d]" started-at="2024-05-31T14:57:08 IST" name="Tc_0015" finished-at="2024-05-31T14:57:17 IST" duration-ms="8206" status="PASS">
          <reporter-output>
          </reporter-output>
        </test-method> <!-- Tc_0015 -->
        <test-method is-config="true" signature="afterMethod()[pri:0, instance:testng.NewTest14@61322f9d]" started-at="2024-05-31T14:57:17 IST" name="afterMethod" finished-at="2024-05-31T14:57:17 IST" duration-ms="1" status="PASS">
          <reporter-output>
          </reporter-output>
        </test-method> <!-- afterMethod -->
        <test-method is-config="true" signature="beforeMethod()[pri:0, instance:testng.NewTest14@61322f9d]" started-at="2024-05-31T14:57:17 IST" name="beforeMethod" finished-at="2024-05-31T14:57:22 IST" duration-ms="5695" status="PASS">
          <reporter-output>
          </reporter-output>
        </test-method> <!-- beforeMethod -->
        <test-method signature="Tc_0016()[pri:0, instance:testng.NewTest14@61322f9d]" started-at="2024-05-31T14:57:22 IST" name="Tc_0016" finished-at="2024-05-31T14:57:27 IST" duration-ms="4749" status="PASS">
          <reporter-output>
          </reporter-output>
        </test-method> <!-- Tc_0016 -->
        <test-method is-config="true" signature="afterMethod()[pri:0, instance:testng.NewTest14@61322f9d]" started-at="2024-05-31T14:57:27 IST" name="afterMethod" finished-at="2024-05-31T14:57:27 IST" duration-ms="1" status="PASS">
          <reporter-output>
          </reporter-output>
        </test-method> <!-- afterMethod -->
        <test-method is-config="true" signature="beforeMethod()[pri:0, instance:testng.NewTest14@61322f9d]" started-at="2024-05-31T14:57:27 IST" name="beforeMethod" finished-at="2024-05-31T14:57:37 IST" duration-ms="9812" status="PASS">
          <reporter-output>
          </reporter-output>
        </test-method> <!-- beforeMethod -->
        <test-method signature="Tc_0017()[pri:0, instance:testng.NewTest14@61322f9d]" started-at="2024-05-31T14:57:37 IST" name="Tc_0017" finished-at="2024-05-31T14:57:43 IST" duration-ms="6060" status="PASS">
          <reporter-output>
          </reporter-output>
        </test-method> <!-- Tc_0017 -->
        <test-method is-config="true" signature="afterMethod()[pri:0, instance:testng.NewTest14@61322f9d]" started-at="2024-05-31T14:57:43 IST" name="afterMethod" finished-at="2024-05-31T14:57:43 IST" duration-ms="0" status="PASS">
          <reporter-output>
          </reporter-output>
        </test-method> <!-- afterMethod -->
      </class> <!-- testng.NewTest14 -->
    </test> <!-- Default test -->
  </suite> <!-- Default suite -->
</testng-results>
